<?xml version="1.0" encoding="UTF-8"?>
<testsuite xmlns:xsi="http://www.w3.org/2001/XMLSchema-instance" xsi:noNamespaceSchemaLocation="https://maven.apache.org/surefire/maven-surefire-plugin/xsd/surefire-test-report.xsd" name="com.imageman.test.TestAA" time="8.056" tests="1" errors="1" skipped="0" failures="0">
  <properties>
    <property name="sun.desktop" value="windows"/>
    <property name="awt.toolkit" value="sun.awt.windows.WToolkit"/>
    <property name="file.encoding.pkg" value="sun.io"/>
    <property name="java.specification.version" value="1.8"/>
    <property name="sun.cpu.isalist" value="amd64"/>
    <property name="sun.jnu.encoding" value="GBK"/>
    <property name="java.class.path" value="C:\Users\Shinelon\Desktop\我的测试项目\java-server\web\target\test-classes;C:\Users\Shinelon\Desktop\我的测试项目\java-server\web\target\classes;C:\Users\Shinelon\Desktop\我的测试项目\java-server\service\target\service-1.0.0-SNAPSHOT.jar;C:\Users\Shinelon\Desktop\我的测试项目\java-server\mapper\target\mapper-1.0.0-SNAPSHOT.jar;C:\Users\Shinelon\Desktop\我的测试项目\java-server\pojo\target\pojo-1.0.0-SNAPSHOT.jar;C:\Users\Shinelon\Desktop\我的测试项目\java-server\common\target\common-1.0.0-SNAPSHOT.jar;C:\Users\Shinelon\.m2\repository\com\nagasirened\security-backup\1.0.0-SNAPSHOT\security-backup-1.0.0-SNAPSHOT.jar;C:\Users\Shinelon\.m2\repository\org\springframework\boot\spring-boot-starter-data-redis\2.3.0.RELEASE\spring-boot-starter-data-redis-2.3.0.RELEASE.jar;C:\Users\Shinelon\.m2\repository\org\springframework\data\spring-data-redis\2.3.0.RELEASE\spring-data-redis-2.3.0.RELEASE.jar;C:\Users\Shinelon\.m2\repository\org\springframework\data\spring-data-keyvalue\2.3.0.RELEASE\spring-data-keyvalue-2.3.0.RELEASE.jar;C:\Users\Shinelon\.m2\repository\org\springframework\data\spring-data-commons\2.3.0.RELEASE\spring-data-commons-2.3.0.RELEASE.jar;C:\Users\Shinelon\.m2\repository\org\springframework\spring-oxm\5.2.6.RELEASE\spring-oxm-5.2.6.RELEASE.jar;C:\Users\Shinelon\.m2\repository\io\lettuce\lettuce-core\5.3.0.RELEASE\lettuce-core-5.3.0.RELEASE.jar;C:\Users\Shinelon\.m2\repository\io\netty\netty-common\4.1.49.Final\netty-common-4.1.49.Final.jar;C:\Users\Shinelon\.m2\repository\io\netty\netty-handler\4.1.49.Final\netty-handler-4.1.49.Final.jar;C:\Users\Shinelon\.m2\repository\io\netty\netty-resolver\4.1.49.Final\netty-resolver-4.1.49.Final.jar;C:\Users\Shinelon\.m2\repository\io\netty\netty-buffer\4.1.49.Final\netty-buffer-4.1.49.Final.jar;C:\Users\Shinelon\.m2\repository\io\netty\netty-codec\4.1.49.Final\netty-codec-4.1.49.Final.jar;C:\Users\Shinelon\.m2\repository\io\netty\netty-transport\4.1.49.Final\netty-transport-4.1.49.Final.jar;C:\Users\Shinelon\.m2\repository\io\projectreactor\reactor-core\3.3.5.RELEASE\reactor-core-3.3.5.RELEASE.jar;C:\Users\Shinelon\.m2\repository\org\reactivestreams\reactive-streams\1.0.3\reactive-streams-1.0.3.jar;C:\Users\Shinelon\.m2\repository\org\springframework\boot\spring-boot-starter-web\2.3.0.RELEASE\spring-boot-starter-web-2.3.0.RELEASE.jar;C:\Users\Shinelon\.m2\repository\org\springframework\boot\spring-boot-starter-json\2.3.0.RELEASE\spring-boot-starter-json-2.3.0.RELEASE.jar;C:\Users\Shinelon\.m2\repository\com\fasterxml\jackson\core\jackson-databind\2.11.0\jackson-databind-2.11.0.jar;C:\Users\Shinelon\.m2\repository\com\fasterxml\jackson\datatype\jackson-datatype-jdk8\2.11.0\jackson-datatype-jdk8-2.11.0.jar;C:\Users\Shinelon\.m2\repository\com\fasterxml\jackson\datatype\jackson-datatype-jsr310\2.11.0\jackson-datatype-jsr310-2.11.0.jar;C:\Users\Shinelon\.m2\repository\com\fasterxml\jackson\module\jackson-module-parameter-names\2.11.0\jackson-module-parameter-names-2.11.0.jar;C:\Users\Shinelon\.m2\repository\org\springframework\boot\spring-boot-starter-tomcat\2.3.0.RELEASE\spring-boot-starter-tomcat-2.3.0.RELEASE.jar;C:\Users\Shinelon\.m2\repository\org\apache\tomcat\embed\tomcat-embed-core\9.0.35\tomcat-embed-core-9.0.35.jar;C:\Users\Shinelon\.m2\repository\org\apache\tomcat\embed\tomcat-embed-websocket\9.0.35\tomcat-embed-websocket-9.0.35.jar;C:\Users\Shinelon\.m2\repository\org\springframework\spring-web\5.2.6.RELEASE\spring-web-5.2.6.RELEASE.jar;C:\Users\Shinelon\.m2\repository\org\springframework\spring-webmvc\5.2.6.RELEASE\spring-webmvc-5.2.6.RELEASE.jar;C:\Users\Shinelon\.m2\repository\org\springframework\spring-expression\5.2.6.RELEASE\spring-expression-5.2.6.RELEASE.jar;C:\Users\Shinelon\.m2\repository\org\springframework\boot\spring-boot-starter-jdbc\2.3.0.RELEASE\spring-boot-starter-jdbc-2.3.0.RELEASE.jar;C:\Users\Shinelon\.m2\repository\com\zaxxer\HikariCP\3.4.5\HikariCP-3.4.5.jar;C:\Users\Shinelon\.m2\repository\org\springframework\spring-jdbc\5.2.6.RELEASE\spring-jdbc-5.2.6.RELEASE.jar;C:\Users\Shinelon\.m2\repository\org\projectlombok\lombok\1.18.12\lombok-1.18.12.jar;C:\Users\Shinelon\.m2\repository\org\springframework\boot\spring-boot-autoconfigure\2.3.0.RELEASE\spring-boot-autoconfigure-2.3.0.RELEASE.jar;C:\Users\Shinelon\.m2\repository\com\alibaba\fastjson\1.2.36\fastjson-1.2.36.jar;C:\Users\Shinelon\.m2\repository\commons-lang\commons-lang\2.6\commons-lang-2.6.jar;C:\Users\Shinelon\.m2\repository\org\apache\commons\commons-lang3\3.10\commons-lang3-3.10.jar;C:\Users\Shinelon\.m2\repository\commons-collections\commons-collections\3.2.1\commons-collections-3.2.1.jar;C:\Users\Shinelon\.m2\repository\org\springframework\social\spring-social-config\1.1.6.RELEASE\spring-social-config-1.1.6.RELEASE.jar;C:\Users\Shinelon\.m2\repository\org\springframework\social\spring-social-core\1.1.6.RELEASE\spring-social-core-1.1.6.RELEASE.jar;C:\Users\Shinelon\.m2\repository\org\springframework\social\spring-social-security\1.1.6.RELEASE\spring-social-security-1.1.6.RELEASE.jar;C:\Users\Shinelon\.m2\repository\org\springframework\security\spring-security-web\5.3.2.RELEASE\spring-security-web-5.3.2.RELEASE.jar;C:\Users\Shinelon\.m2\repository\org\springframework\security\spring-security-core\5.3.2.RELEASE\spring-security-core-5.3.2.RELEASE.jar;C:\Users\Shinelon\.m2\repository\org\springframework\social\spring-social-web\1.1.6.RELEASE\spring-social-web-1.1.6.RELEASE.jar;C:\Users\Shinelon\.m2\repository\javax\inject\javax.inject\1\javax.inject-1.jar;C:\Users\Shinelon\.m2\repository\com\aliyun\aliyun-java-sdk-core\4.5.3\aliyun-java-sdk-core-4.5.3.jar;C:\Users\Shinelon\.m2\repository\com\google\code\gson\gson\2.8.6\gson-2.8.6.jar;C:\Users\Shinelon\.m2\repository\org\apache\httpcomponents\httpclient\4.5.12\httpclient-4.5.12.jar;C:\Users\Shinelon\.m2\repository\org\apache\httpcomponents\httpcore\4.4.13\httpcore-4.4.13.jar;C:\Users\Shinelon\.m2\repository\commons-logging\commons-logging\1.2\commons-logging-1.2.jar;C:\Users\Shinelon\.m2\repository\javax\xml\bind\jaxb-api\2.3.1\jaxb-api-2.3.1.jar;C:\Users\Shinelon\.m2\repository\javax\activation\javax.activation-api\1.2.0\javax.activation-api-1.2.0.jar;C:\Users\Shinelon\.m2\repository\org\jacoco\org.jacoco.agent\0.8.5\org.jacoco.agent-0.8.5-runtime.jar;C:\Users\Shinelon\.m2\repository\org\ini4j\ini4j\0.5.4\ini4j-0.5.4.jar;C:\Users\Shinelon\.m2\repository\io\opentracing\opentracing-api\0.33.0\opentracing-api-0.33.0.jar;C:\Users\Shinelon\.m2\repository\io\opentracing\opentracing-util\0.33.0\opentracing-util-0.33.0.jar;C:\Users\Shinelon\.m2\repository\io\opentracing\opentracing-noop\0.33.0\opentracing-noop-0.33.0.jar;C:\Users\Shinelon\.m2\repository\org\springframework\session\spring-session\1.3.5.RELEASE\spring-session-1.3.5.RELEASE.jar;C:\Users\Shinelon\.m2\repository\org\springframework\boot\spring-boot-configuration-processor\2.3.0.RELEASE\spring-boot-configuration-processor-2.3.0.RELEASE.jar;C:\Users\Shinelon\.m2\repository\com\baomidou\mybatis-plus-boot-starter\3.1.1\mybatis-plus-boot-starter-3.1.1.jar;C:\Users\Shinelon\.m2\repository\com\baomidou\mybatis-plus\3.1.1\mybatis-plus-3.1.1.jar;C:\Users\Shinelon\.m2\repository\org\apache\velocity\velocity-engine-core\2.0\velocity-engine-core-2.0.jar;C:\Users\Shinelon\.m2\repository\org\slf4j\slf4j-api\1.7.30\slf4j-api-1.7.30.jar;C:\Users\Shinelon\.m2\repository\com\baomidou\mybatis-plus-generator\3.2.0\mybatis-plus-generator-3.2.0.jar;C:\Users\Shinelon\.m2\repository\com\baomidou\mybatis-plus-extension\3.2.0\mybatis-plus-extension-3.2.0.jar;C:\Users\Shinelon\.m2\repository\com\baomidou\mybatis-plus-core\3.2.0\mybatis-plus-core-3.2.0.jar;C:\Users\Shinelon\.m2\repository\com\baomidou\mybatis-plus-annotation\3.2.0\mybatis-plus-annotation-3.2.0.jar;C:\Users\Shinelon\.m2\repository\com\github\jsqlparser\jsqlparser\2.1\jsqlparser-2.1.jar;C:\Users\Shinelon\.m2\repository\org\mybatis\mybatis\3.5.2\mybatis-3.5.2.jar;C:\Users\Shinelon\.m2\repository\org\mybatis\mybatis-spring\2.0.2\mybatis-spring-2.0.2.jar;C:\Users\Shinelon\.m2\repository\mysql\mysql-connector-java\8.0.16\mysql-connector-java-8.0.16.jar;C:\Users\Shinelon\.m2\repository\com\baomidou\dynamic-datasource-spring-boot-starter\2.5.4\dynamic-datasource-spring-boot-starter-2.5.4.jar;C:\Users\Shinelon\.m2\repository\org\springframework\spring-aspects\5.0.7.RELEASE\spring-aspects-5.0.7.RELEASE.jar;C:\Users\Shinelon\.m2\repository\org\aspectj\aspectjweaver\1.9.5\aspectjweaver-1.9.5.jar;C:\Users\Shinelon\.m2\repository\org\springframework\boot\spring-boot-starter-aop\2.3.0.RELEASE\spring-boot-starter-aop-2.3.0.RELEASE.jar;C:\Users\Shinelon\.m2\repository\org\springframework\boot\spring-boot-starter\2.3.0.RELEASE\spring-boot-starter-2.3.0.RELEASE.jar;C:\Users\Shinelon\.m2\repository\org\springframework\boot\spring-boot-starter-logging\2.3.0.RELEASE\spring-boot-starter-logging-2.3.0.RELEASE.jar;C:\Users\Shinelon\.m2\repository\ch\qos\logback\logback-classic\1.2.3\logback-classic-1.2.3.jar;C:\Users\Shinelon\.m2\repository\ch\qos\logback\logback-core\1.2.3\logback-core-1.2.3.jar;C:\Users\Shinelon\.m2\repository\org\apache\logging\log4j\log4j-to-slf4j\2.13.2\log4j-to-slf4j-2.13.2.jar;C:\Users\Shinelon\.m2\repository\org\slf4j\jul-to-slf4j\1.7.30\jul-to-slf4j-1.7.30.jar;C:\Users\Shinelon\.m2\repository\jakarta\annotation\jakarta.annotation-api\1.3.5\jakarta.annotation-api-1.3.5.jar;C:\Users\Shinelon\.m2\repository\org\yaml\snakeyaml\1.26\snakeyaml-1.26.jar;C:\Users\Shinelon\.m2\repository\org\springframework\spring-aop\5.2.6.RELEASE\spring-aop-5.2.6.RELEASE.jar;C:\Users\Shinelon\.m2\repository\org\springframework\spring-beans\5.2.6.RELEASE\spring-beans-5.2.6.RELEASE.jar;C:\Users\Shinelon\.m2\repository\commons-codec\commons-codec\1.12\commons-codec-1.12.jar;C:\Users\Shinelon\.m2\repository\org\springframework\boot\spring-boot-starter-validation\2.3.0.RELEASE\spring-boot-starter-validation-2.3.0.RELEASE.jar;C:\Users\Shinelon\.m2\repository\org\glassfish\jakarta.el\3.0.3\jakarta.el-3.0.3.jar;C:\Users\Shinelon\.m2\repository\org\hibernate\validator\hibernate-validator\6.1.5.Final\hibernate-validator-6.1.5.Final.jar;C:\Users\Shinelon\.m2\repository\jakarta\validation\jakarta.validation-api\2.0.2\jakarta.validation-api-2.0.2.jar;C:\Users\Shinelon\.m2\repository\org\jboss\logging\jboss-logging\3.4.1.Final\jboss-logging-3.4.1.Final.jar;C:\Users\Shinelon\.m2\repository\joda-time\joda-time\2.6\joda-time-2.6.jar;C:\Users\Shinelon\.m2\repository\com\wuwenze\ExcelKit\2.0.72\ExcelKit-2.0.72.jar;C:\Users\Shinelon\.m2\repository\org\apache\poi\poi-ooxml\3.17\poi-ooxml-3.17.jar;C:\Users\Shinelon\.m2\repository\org\apache\poi\poi\3.17\poi-3.17.jar;C:\Users\Shinelon\.m2\repository\org\apache\commons\commons-collections4\4.1\commons-collections4-4.1.jar;C:\Users\Shinelon\.m2\repository\com\github\virtuald\curvesapi\1.04\curvesapi-1.04.jar;C:\Users\Shinelon\.m2\repository\org\apache\poi\poi-ooxml-schemas\3.17\poi-ooxml-schemas-3.17.jar;C:\Users\Shinelon\.m2\repository\org\apache\xmlbeans\xmlbeans\2.6.0\xmlbeans-2.6.0.jar;C:\Users\Shinelon\.m2\repository\stax\stax-api\1.0.1\stax-api-1.0.1.jar;C:\Users\Shinelon\.m2\repository\dom4j\dom4j\1.6.1\dom4j-1.6.1.jar;C:\Users\Shinelon\.m2\repository\jaxen\jaxen\1.2.0\jaxen-1.2.0.jar;C:\Users\Shinelon\.m2\repository\xerces\xercesImpl\2.11.0\xercesImpl-2.11.0.jar;C:\Users\Shinelon\.m2\repository\com\google\guava\guava\18.0\guava-18.0.jar;C:\Users\Shinelon\.m2\repository\commons-beanutils\commons-beanutils\1.9.3\commons-beanutils-1.9.3.jar;C:\Users\Shinelon\.m2\repository\xml-apis\xml-apis\1.4.01\xml-apis-1.4.01.jar;C:\Users\Shinelon\.m2\repository\io\springfox\springfox-swagger2\2.7.0\springfox-swagger2-2.7.0.jar;C:\Users\Shinelon\.m2\repository\io\swagger\swagger-annotations\1.5.13\swagger-annotations-1.5.13.jar;C:\Users\Shinelon\.m2\repository\io\swagger\swagger-models\1.5.13\swagger-models-1.5.13.jar;C:\Users\Shinelon\.m2\repository\com\fasterxml\jackson\core\jackson-annotations\2.11.0\jackson-annotations-2.11.0.jar;C:\Users\Shinelon\.m2\repository\io\springfox\springfox-spi\2.7.0\springfox-spi-2.7.0.jar;C:\Users\Shinelon\.m2\repository\io\springfox\springfox-core\2.7.0\springfox-core-2.7.0.jar;C:\Users\Shinelon\.m2\repository\net\bytebuddy\byte-buddy\1.10.10\byte-buddy-1.10.10.jar;C:\Users\Shinelon\.m2\repository\io\springfox\springfox-schema\2.7.0\springfox-schema-2.7.0.jar;C:\Users\Shinelon\.m2\repository\io\springfox\springfox-swagger-common\2.7.0\springfox-swagger-common-2.7.0.jar;C:\Users\Shinelon\.m2\repository\io\springfox\springfox-spring-web\2.7.0\springfox-spring-web-2.7.0.jar;C:\Users\Shinelon\.m2\repository\org\reflections\reflections\0.9.11\reflections-0.9.11.jar;C:\Users\Shinelon\.m2\repository\org\javassist\javassist\3.21.0-GA\javassist-3.21.0-GA.jar;C:\Users\Shinelon\.m2\repository\com\fasterxml\classmate\1.5.1\classmate-1.5.1.jar;C:\Users\Shinelon\.m2\repository\org\springframework\plugin\spring-plugin-core\1.2.0.RELEASE\spring-plugin-core-1.2.0.RELEASE.jar;C:\Users\Shinelon\.m2\repository\org\springframework\spring-context\5.2.6.RELEASE\spring-context-5.2.6.RELEASE.jar;C:\Users\Shinelon\.m2\repository\org\springframework\plugin\spring-plugin-metadata\1.2.0.RELEASE\spring-plugin-metadata-1.2.0.RELEASE.jar;C:\Users\Shinelon\.m2\repository\org\mapstruct\mapstruct\1.1.0.Final\mapstruct-1.1.0.Final.jar;C:\Users\Shinelon\.m2\repository\io\springfox\springfox-swagger-ui\2.7.0\springfox-swagger-ui-2.7.0.jar;C:\Users\Shinelon\.m2\repository\org\elasticsearch\client\elasticsearch-rest-high-level-client\7.8.0\elasticsearch-rest-high-level-client-7.8.0.jar;C:\Users\Shinelon\.m2\repository\org\elasticsearch\client\elasticsearch-rest-client\7.6.2\elasticsearch-rest-client-7.6.2.jar;C:\Users\Shinelon\.m2\repository\org\apache\httpcomponents\httpasyncclient\4.1.4\httpasyncclient-4.1.4.jar;C:\Users\Shinelon\.m2\repository\org\apache\httpcomponents\httpcore-nio\4.4.13\httpcore-nio-4.4.13.jar;C:\Users\Shinelon\.m2\repository\org\elasticsearch\plugin\mapper-extras-client\7.8.0\mapper-extras-client-7.8.0.jar;C:\Users\Shinelon\.m2\repository\org\elasticsearch\plugin\parent-join-client\7.8.0\parent-join-client-7.8.0.jar;C:\Users\Shinelon\.m2\repository\org\elasticsearch\plugin\aggs-matrix-stats-client\7.8.0\aggs-matrix-stats-client-7.8.0.jar;C:\Users\Shinelon\.m2\repository\org\elasticsearch\plugin\rank-eval-client\7.8.0\rank-eval-client-7.8.0.jar;C:\Users\Shinelon\.m2\repository\org\elasticsearch\plugin\lang-mustache-client\7.8.0\lang-mustache-client-7.8.0.jar;C:\Users\Shinelon\.m2\repository\com\github\spullara\mustache\java\compiler\0.9.6\compiler-0.9.6.jar;C:\Users\Shinelon\.m2\repository\org\elasticsearch\elasticsearch\7.8.0\elasticsearch-7.8.0.jar;C:\Users\Shinelon\.m2\repository\org\elasticsearch\elasticsearch-core\7.8.0\elasticsearch-core-7.8.0.jar;C:\Users\Shinelon\.m2\repository\org\elasticsearch\elasticsearch-secure-sm\7.8.0\elasticsearch-secure-sm-7.8.0.jar;C:\Users\Shinelon\.m2\repository\org\elasticsearch\elasticsearch-x-content\7.8.0\elasticsearch-x-content-7.8.0.jar;C:\Users\Shinelon\.m2\repository\com\fasterxml\jackson\core\jackson-core\2.11.0\jackson-core-2.11.0.jar;C:\Users\Shinelon\.m2\repository\com\fasterxml\jackson\dataformat\jackson-dataformat-smile\2.11.0\jackson-dataformat-smile-2.11.0.jar;C:\Users\Shinelon\.m2\repository\com\fasterxml\jackson\dataformat\jackson-dataformat-yaml\2.11.0\jackson-dataformat-yaml-2.11.0.jar;C:\Users\Shinelon\.m2\repository\com\fasterxml\jackson\dataformat\jackson-dataformat-cbor\2.11.0\jackson-dataformat-cbor-2.11.0.jar;C:\Users\Shinelon\.m2\repository\org\elasticsearch\elasticsearch-geo\7.8.0\elasticsearch-geo-7.8.0.jar;C:\Users\Shinelon\.m2\repository\org\apache\lucene\lucene-core\8.5.1\lucene-core-8.5.1.jar;C:\Users\Shinelon\.m2\repository\org\apache\lucene\lucene-analyzers-common\8.5.1\lucene-analyzers-common-8.5.1.jar;C:\Users\Shinelon\.m2\repository\org\apache\lucene\lucene-backward-codecs\8.5.1\lucene-backward-codecs-8.5.1.jar;C:\Users\Shinelon\.m2\repository\org\apache\lucene\lucene-grouping\8.5.1\lucene-grouping-8.5.1.jar;C:\Users\Shinelon\.m2\repository\org\apache\lucene\lucene-highlighter\8.5.1\lucene-highlighter-8.5.1.jar;C:\Users\Shinelon\.m2\repository\org\apache\lucene\lucene-join\8.5.1\lucene-join-8.5.1.jar;C:\Users\Shinelon\.m2\repository\org\apache\lucene\lucene-memory\8.5.1\lucene-memory-8.5.1.jar;C:\Users\Shinelon\.m2\repository\org\apache\lucene\lucene-misc\8.5.1\lucene-misc-8.5.1.jar;C:\Users\Shinelon\.m2\repository\org\apache\lucene\lucene-queries\8.5.1\lucene-queries-8.5.1.jar;C:\Users\Shinelon\.m2\repository\org\apache\lucene\lucene-queryparser\8.5.1\lucene-queryparser-8.5.1.jar;C:\Users\Shinelon\.m2\repository\org\apache\lucene\lucene-sandbox\8.5.1\lucene-sandbox-8.5.1.jar;C:\Users\Shinelon\.m2\repository\org\apache\lucene\lucene-spatial-extras\8.5.1\lucene-spatial-extras-8.5.1.jar;C:\Users\Shinelon\.m2\repository\org\apache\lucene\lucene-spatial3d\8.5.1\lucene-spatial3d-8.5.1.jar;C:\Users\Shinelon\.m2\repository\org\apache\lucene\lucene-suggest\8.5.1\lucene-suggest-8.5.1.jar;C:\Users\Shinelon\.m2\repository\org\elasticsearch\elasticsearch-cli\7.8.0\elasticsearch-cli-7.8.0.jar;C:\Users\Shinelon\.m2\repository\net\sf\jopt-simple\jopt-simple\5.0.2\jopt-simple-5.0.2.jar;C:\Users\Shinelon\.m2\repository\com\carrotsearch\hppc\0.8.1\hppc-0.8.1.jar;C:\Users\Shinelon\.m2\repository\com\tdunning\t-digest\3.2\t-digest-3.2.jar;C:\Users\Shinelon\.m2\repository\org\hdrhistogram\HdrHistogram\2.1.9\HdrHistogram-2.1.9.jar;C:\Users\Shinelon\.m2\repository\org\apache\logging\log4j\log4j-api\2.13.2\log4j-api-2.13.2.jar;C:\Users\Shinelon\.m2\repository\org\elasticsearch\jna\4.5.1\jna-4.5.1.jar;C:\Users\Shinelon\.m2\repository\org\springframework\boot\spring-boot-test\2.3.0.RELEASE\spring-boot-test-2.3.0.RELEASE.jar;C:\Users\Shinelon\.m2\repository\org\springframework\boot\spring-boot\2.3.0.RELEASE\spring-boot-2.3.0.RELEASE.jar;C:\Users\Shinelon\.m2\repository\org\springframework\spring-test\4.3.10.RELEASE\spring-test-4.3.10.RELEASE.jar;C:\Users\Shinelon\.m2\repository\org\springframework\spring-core\5.2.6.RELEASE\spring-core-5.2.6.RELEASE.jar;C:\Users\Shinelon\.m2\repository\org\springframework\spring-jcl\5.2.6.RELEASE\spring-jcl-5.2.6.RELEASE.jar;C:\Users\Shinelon\.m2\repository\junit\junit\4.13\junit-4.13.jar;C:\Users\Shinelon\.m2\repository\org\hamcrest\hamcrest-core\2.2\hamcrest-core-2.2.jar;C:\Users\Shinelon\.m2\repository\org\hamcrest\hamcrest\2.2\hamcrest-2.2.jar;C:\Users\Shinelon\.m2\repository\org\springframework\boot\spring-boot-starter-quartz\2.3.0.RELEASE\spring-boot-starter-quartz-2.3.0.RELEASE.jar;C:\Users\Shinelon\.m2\repository\org\springframework\spring-context-support\5.2.6.RELEASE\spring-context-support-5.2.6.RELEASE.jar;C:\Users\Shinelon\.m2\repository\org\springframework\spring-tx\5.2.6.RELEASE\spring-tx-5.2.6.RELEASE.jar;C:\Users\Shinelon\.m2\repository\org\quartz-scheduler\quartz\2.3.2\quartz-2.3.2.jar;C:\Users\Shinelon\.m2\repository\com\mchange\mchange-commons-java\0.2.15\mchange-commons-java-0.2.15.jar;"/>
    <property name="java.vm.vendor" value="Oracle Corporation"/>
    <property name="sun.arch.data.model" value="64"/>
    <property name="user.variant" value=""/>
    <property name="java.vendor.url" value="http://java.oracle.com/"/>
    <property name="user.timezone" value="Asia/Shanghai"/>
    <property name="java.vm.specification.version" value="1.8"/>
    <property name="os.name" value="Windows 10"/>
    <property name="user.country" value="CN"/>
    <property name="sun.java.launcher" value="SUN_STANDARD"/>
    <property name="sun.boot.library.path" value="C:\Program Files\Java\jdk1.8.0_92\jre\bin"/>
    <property name="sun.java.command" value="C:\Users\Shinelon\AppData\Local\Temp\surefire6519186651694213350\surefirebooter78814276893005535.jar C:\Users\Shinelon\AppData\Local\Temp\surefire6519186651694213350 2021-01-18T15-19-14_313-jvmRun1 surefire6491140203263258401tmp surefire_0861913018293674053tmp"/>
    <property name="surefire.test.class.path" value="C:\Users\Shinelon\Desktop\我的测试项目\java-server\web\target\test-classes;C:\Users\Shinelon\Desktop\我的测试项目\java-server\web\target\classes;C:\Users\Shinelon\Desktop\我的测试项目\java-server\service\target\service-1.0.0-SNAPSHOT.jar;C:\Users\Shinelon\Desktop\我的测试项目\java-server\mapper\target\mapper-1.0.0-SNAPSHOT.jar;C:\Users\Shinelon\Desktop\我的测试项目\java-server\pojo\target\pojo-1.0.0-SNAPSHOT.jar;C:\Users\Shinelon\Desktop\我的测试项目\java-server\common\target\common-1.0.0-SNAPSHOT.jar;C:\Users\Shinelon\.m2\repository\com\nagasirened\security-backup\1.0.0-SNAPSHOT\security-backup-1.0.0-SNAPSHOT.jar;C:\Users\Shinelon\.m2\repository\org\springframework\boot\spring-boot-starter-data-redis\2.3.0.RELEASE\spring-boot-starter-data-redis-2.3.0.RELEASE.jar;C:\Users\Shinelon\.m2\repository\org\springframework\data\spring-data-redis\2.3.0.RELEASE\spring-data-redis-2.3.0.RELEASE.jar;C:\Users\Shinelon\.m2\repository\org\springframework\data\spring-data-keyvalue\2.3.0.RELEASE\spring-data-keyvalue-2.3.0.RELEASE.jar;C:\Users\Shinelon\.m2\repository\org\springframework\data\spring-data-commons\2.3.0.RELEASE\spring-data-commons-2.3.0.RELEASE.jar;C:\Users\Shinelon\.m2\repository\org\springframework\spring-oxm\5.2.6.RELEASE\spring-oxm-5.2.6.RELEASE.jar;C:\Users\Shinelon\.m2\repository\io\lettuce\lettuce-core\5.3.0.RELEASE\lettuce-core-5.3.0.RELEASE.jar;C:\Users\Shinelon\.m2\repository\io\netty\netty-common\4.1.49.Final\netty-common-4.1.49.Final.jar;C:\Users\Shinelon\.m2\repository\io\netty\netty-handler\4.1.49.Final\netty-handler-4.1.49.Final.jar;C:\Users\Shinelon\.m2\repository\io\netty\netty-resolver\4.1.49.Final\netty-resolver-4.1.49.Final.jar;C:\Users\Shinelon\.m2\repository\io\netty\netty-buffer\4.1.49.Final\netty-buffer-4.1.49.Final.jar;C:\Users\Shinelon\.m2\repository\io\netty\netty-codec\4.1.49.Final\netty-codec-4.1.49.Final.jar;C:\Users\Shinelon\.m2\repository\io\netty\netty-transport\4.1.49.Final\netty-transport-4.1.49.Final.jar;C:\Users\Shinelon\.m2\repository\io\projectreactor\reactor-core\3.3.5.RELEASE\reactor-core-3.3.5.RELEASE.jar;C:\Users\Shinelon\.m2\repository\org\reactivestreams\reactive-streams\1.0.3\reactive-streams-1.0.3.jar;C:\Users\Shinelon\.m2\repository\org\springframework\boot\spring-boot-starter-web\2.3.0.RELEASE\spring-boot-starter-web-2.3.0.RELEASE.jar;C:\Users\Shinelon\.m2\repository\org\springframework\boot\spring-boot-starter-json\2.3.0.RELEASE\spring-boot-starter-json-2.3.0.RELEASE.jar;C:\Users\Shinelon\.m2\repository\com\fasterxml\jackson\core\jackson-databind\2.11.0\jackson-databind-2.11.0.jar;C:\Users\Shinelon\.m2\repository\com\fasterxml\jackson\datatype\jackson-datatype-jdk8\2.11.0\jackson-datatype-jdk8-2.11.0.jar;C:\Users\Shinelon\.m2\repository\com\fasterxml\jackson\datatype\jackson-datatype-jsr310\2.11.0\jackson-datatype-jsr310-2.11.0.jar;C:\Users\Shinelon\.m2\repository\com\fasterxml\jackson\module\jackson-module-parameter-names\2.11.0\jackson-module-parameter-names-2.11.0.jar;C:\Users\Shinelon\.m2\repository\org\springframework\boot\spring-boot-starter-tomcat\2.3.0.RELEASE\spring-boot-starter-tomcat-2.3.0.RELEASE.jar;C:\Users\Shinelon\.m2\repository\org\apache\tomcat\embed\tomcat-embed-core\9.0.35\tomcat-embed-core-9.0.35.jar;C:\Users\Shinelon\.m2\repository\org\apache\tomcat\embed\tomcat-embed-websocket\9.0.35\tomcat-embed-websocket-9.0.35.jar;C:\Users\Shinelon\.m2\repository\org\springframework\spring-web\5.2.6.RELEASE\spring-web-5.2.6.RELEASE.jar;C:\Users\Shinelon\.m2\repository\org\springframework\spring-webmvc\5.2.6.RELEASE\spring-webmvc-5.2.6.RELEASE.jar;C:\Users\Shinelon\.m2\repository\org\springframework\spring-expression\5.2.6.RELEASE\spring-expression-5.2.6.RELEASE.jar;C:\Users\Shinelon\.m2\repository\org\springframework\boot\spring-boot-starter-jdbc\2.3.0.RELEASE\spring-boot-starter-jdbc-2.3.0.RELEASE.jar;C:\Users\Shinelon\.m2\repository\com\zaxxer\HikariCP\3.4.5\HikariCP-3.4.5.jar;C:\Users\Shinelon\.m2\repository\org\springframework\spring-jdbc\5.2.6.RELEASE\spring-jdbc-5.2.6.RELEASE.jar;C:\Users\Shinelon\.m2\repository\org\projectlombok\lombok\1.18.12\lombok-1.18.12.jar;C:\Users\Shinelon\.m2\repository\org\springframework\boot\spring-boot-autoconfigure\2.3.0.RELEASE\spring-boot-autoconfigure-2.3.0.RELEASE.jar;C:\Users\Shinelon\.m2\repository\com\alibaba\fastjson\1.2.36\fastjson-1.2.36.jar;C:\Users\Shinelon\.m2\repository\commons-lang\commons-lang\2.6\commons-lang-2.6.jar;C:\Users\Shinelon\.m2\repository\org\apache\commons\commons-lang3\3.10\commons-lang3-3.10.jar;C:\Users\Shinelon\.m2\repository\commons-collections\commons-collections\3.2.1\commons-collections-3.2.1.jar;C:\Users\Shinelon\.m2\repository\org\springframework\social\spring-social-config\1.1.6.RELEASE\spring-social-config-1.1.6.RELEASE.jar;C:\Users\Shinelon\.m2\repository\org\springframework\social\spring-social-core\1.1.6.RELEASE\spring-social-core-1.1.6.RELEASE.jar;C:\Users\Shinelon\.m2\repository\org\springframework\social\spring-social-security\1.1.6.RELEASE\spring-social-security-1.1.6.RELEASE.jar;C:\Users\Shinelon\.m2\repository\org\springframework\security\spring-security-web\5.3.2.RELEASE\spring-security-web-5.3.2.RELEASE.jar;C:\Users\Shinelon\.m2\repository\org\springframework\security\spring-security-core\5.3.2.RELEASE\spring-security-core-5.3.2.RELEASE.jar;C:\Users\Shinelon\.m2\repository\org\springframework\social\spring-social-web\1.1.6.RELEASE\spring-social-web-1.1.6.RELEASE.jar;C:\Users\Shinelon\.m2\repository\javax\inject\javax.inject\1\javax.inject-1.jar;C:\Users\Shinelon\.m2\repository\com\aliyun\aliyun-java-sdk-core\4.5.3\aliyun-java-sdk-core-4.5.3.jar;C:\Users\Shinelon\.m2\repository\com\google\code\gson\gson\2.8.6\gson-2.8.6.jar;C:\Users\Shinelon\.m2\repository\org\apache\httpcomponents\httpclient\4.5.12\httpclient-4.5.12.jar;C:\Users\Shinelon\.m2\repository\org\apache\httpcomponents\httpcore\4.4.13\httpcore-4.4.13.jar;C:\Users\Shinelon\.m2\repository\commons-logging\commons-logging\1.2\commons-logging-1.2.jar;C:\Users\Shinelon\.m2\repository\javax\xml\bind\jaxb-api\2.3.1\jaxb-api-2.3.1.jar;C:\Users\Shinelon\.m2\repository\javax\activation\javax.activation-api\1.2.0\javax.activation-api-1.2.0.jar;C:\Users\Shinelon\.m2\repository\org\jacoco\org.jacoco.agent\0.8.5\org.jacoco.agent-0.8.5-runtime.jar;C:\Users\Shinelon\.m2\repository\org\ini4j\ini4j\0.5.4\ini4j-0.5.4.jar;C:\Users\Shinelon\.m2\repository\io\opentracing\opentracing-api\0.33.0\opentracing-api-0.33.0.jar;C:\Users\Shinelon\.m2\repository\io\opentracing\opentracing-util\0.33.0\opentracing-util-0.33.0.jar;C:\Users\Shinelon\.m2\repository\io\opentracing\opentracing-noop\0.33.0\opentracing-noop-0.33.0.jar;C:\Users\Shinelon\.m2\repository\org\springframework\session\spring-session\1.3.5.RELEASE\spring-session-1.3.5.RELEASE.jar;C:\Users\Shinelon\.m2\repository\org\springframework\boot\spring-boot-configuration-processor\2.3.0.RELEASE\spring-boot-configuration-processor-2.3.0.RELEASE.jar;C:\Users\Shinelon\.m2\repository\com\baomidou\mybatis-plus-boot-starter\3.1.1\mybatis-plus-boot-starter-3.1.1.jar;C:\Users\Shinelon\.m2\repository\com\baomidou\mybatis-plus\3.1.1\mybatis-plus-3.1.1.jar;C:\Users\Shinelon\.m2\repository\org\apache\velocity\velocity-engine-core\2.0\velocity-engine-core-2.0.jar;C:\Users\Shinelon\.m2\repository\org\slf4j\slf4j-api\1.7.30\slf4j-api-1.7.30.jar;C:\Users\Shinelon\.m2\repository\com\baomidou\mybatis-plus-generator\3.2.0\mybatis-plus-generator-3.2.0.jar;C:\Users\Shinelon\.m2\repository\com\baomidou\mybatis-plus-extension\3.2.0\mybatis-plus-extension-3.2.0.jar;C:\Users\Shinelon\.m2\repository\com\baomidou\mybatis-plus-core\3.2.0\mybatis-plus-core-3.2.0.jar;C:\Users\Shinelon\.m2\repository\com\baomidou\mybatis-plus-annotation\3.2.0\mybatis-plus-annotation-3.2.0.jar;C:\Users\Shinelon\.m2\repository\com\github\jsqlparser\jsqlparser\2.1\jsqlparser-2.1.jar;C:\Users\Shinelon\.m2\repository\org\mybatis\mybatis\3.5.2\mybatis-3.5.2.jar;C:\Users\Shinelon\.m2\repository\org\mybatis\mybatis-spring\2.0.2\mybatis-spring-2.0.2.jar;C:\Users\Shinelon\.m2\repository\mysql\mysql-connector-java\8.0.16\mysql-connector-java-8.0.16.jar;C:\Users\Shinelon\.m2\repository\com\baomidou\dynamic-datasource-spring-boot-starter\2.5.4\dynamic-datasource-spring-boot-starter-2.5.4.jar;C:\Users\Shinelon\.m2\repository\org\springframework\spring-aspects\5.0.7.RELEASE\spring-aspects-5.0.7.RELEASE.jar;C:\Users\Shinelon\.m2\repository\org\aspectj\aspectjweaver\1.9.5\aspectjweaver-1.9.5.jar;C:\Users\Shinelon\.m2\repository\org\springframework\boot\spring-boot-starter-aop\2.3.0.RELEASE\spring-boot-starter-aop-2.3.0.RELEASE.jar;C:\Users\Shinelon\.m2\repository\org\springframework\boot\spring-boot-starter\2.3.0.RELEASE\spring-boot-starter-2.3.0.RELEASE.jar;C:\Users\Shinelon\.m2\repository\org\springframework\boot\spring-boot-starter-logging\2.3.0.RELEASE\spring-boot-starter-logging-2.3.0.RELEASE.jar;C:\Users\Shinelon\.m2\repository\ch\qos\logback\logback-classic\1.2.3\logback-classic-1.2.3.jar;C:\Users\Shinelon\.m2\repository\ch\qos\logback\logback-core\1.2.3\logback-core-1.2.3.jar;C:\Users\Shinelon\.m2\repository\org\apache\logging\log4j\log4j-to-slf4j\2.13.2\log4j-to-slf4j-2.13.2.jar;C:\Users\Shinelon\.m2\repository\org\slf4j\jul-to-slf4j\1.7.30\jul-to-slf4j-1.7.30.jar;C:\Users\Shinelon\.m2\repository\jakarta\annotation\jakarta.annotation-api\1.3.5\jakarta.annotation-api-1.3.5.jar;C:\Users\Shinelon\.m2\repository\org\yaml\snakeyaml\1.26\snakeyaml-1.26.jar;C:\Users\Shinelon\.m2\repository\org\springframework\spring-aop\5.2.6.RELEASE\spring-aop-5.2.6.RELEASE.jar;C:\Users\Shinelon\.m2\repository\org\springframework\spring-beans\5.2.6.RELEASE\spring-beans-5.2.6.RELEASE.jar;C:\Users\Shinelon\.m2\repository\commons-codec\commons-codec\1.12\commons-codec-1.12.jar;C:\Users\Shinelon\.m2\repository\org\springframework\boot\spring-boot-starter-validation\2.3.0.RELEASE\spring-boot-starter-validation-2.3.0.RELEASE.jar;C:\Users\Shinelon\.m2\repository\org\glassfish\jakarta.el\3.0.3\jakarta.el-3.0.3.jar;C:\Users\Shinelon\.m2\repository\org\hibernate\validator\hibernate-validator\6.1.5.Final\hibernate-validator-6.1.5.Final.jar;C:\Users\Shinelon\.m2\repository\jakarta\validation\jakarta.validation-api\2.0.2\jakarta.validation-api-2.0.2.jar;C:\Users\Shinelon\.m2\repository\org\jboss\logging\jboss-logging\3.4.1.Final\jboss-logging-3.4.1.Final.jar;C:\Users\Shinelon\.m2\repository\joda-time\joda-time\2.6\joda-time-2.6.jar;C:\Users\Shinelon\.m2\repository\com\wuwenze\ExcelKit\2.0.72\ExcelKit-2.0.72.jar;C:\Users\Shinelon\.m2\repository\org\apache\poi\poi-ooxml\3.17\poi-ooxml-3.17.jar;C:\Users\Shinelon\.m2\repository\org\apache\poi\poi\3.17\poi-3.17.jar;C:\Users\Shinelon\.m2\repository\org\apache\commons\commons-collections4\4.1\commons-collections4-4.1.jar;C:\Users\Shinelon\.m2\repository\com\github\virtuald\curvesapi\1.04\curvesapi-1.04.jar;C:\Users\Shinelon\.m2\repository\org\apache\poi\poi-ooxml-schemas\3.17\poi-ooxml-schemas-3.17.jar;C:\Users\Shinelon\.m2\repository\org\apache\xmlbeans\xmlbeans\2.6.0\xmlbeans-2.6.0.jar;C:\Users\Shinelon\.m2\repository\stax\stax-api\1.0.1\stax-api-1.0.1.jar;C:\Users\Shinelon\.m2\repository\dom4j\dom4j\1.6.1\dom4j-1.6.1.jar;C:\Users\Shinelon\.m2\repository\jaxen\jaxen\1.2.0\jaxen-1.2.0.jar;C:\Users\Shinelon\.m2\repository\xerces\xercesImpl\2.11.0\xercesImpl-2.11.0.jar;C:\Users\Shinelon\.m2\repository\com\google\guava\guava\18.0\guava-18.0.jar;C:\Users\Shinelon\.m2\repository\commons-beanutils\commons-beanutils\1.9.3\commons-beanutils-1.9.3.jar;C:\Users\Shinelon\.m2\repository\xml-apis\xml-apis\1.4.01\xml-apis-1.4.01.jar;C:\Users\Shinelon\.m2\repository\io\springfox\springfox-swagger2\2.7.0\springfox-swagger2-2.7.0.jar;C:\Users\Shinelon\.m2\repository\io\swagger\swagger-annotations\1.5.13\swagger-annotations-1.5.13.jar;C:\Users\Shinelon\.m2\repository\io\swagger\swagger-models\1.5.13\swagger-models-1.5.13.jar;C:\Users\Shinelon\.m2\repository\com\fasterxml\jackson\core\jackson-annotations\2.11.0\jackson-annotations-2.11.0.jar;C:\Users\Shinelon\.m2\repository\io\springfox\springfox-spi\2.7.0\springfox-spi-2.7.0.jar;C:\Users\Shinelon\.m2\repository\io\springfox\springfox-core\2.7.0\springfox-core-2.7.0.jar;C:\Users\Shinelon\.m2\repository\net\bytebuddy\byte-buddy\1.10.10\byte-buddy-1.10.10.jar;C:\Users\Shinelon\.m2\repository\io\springfox\springfox-schema\2.7.0\springfox-schema-2.7.0.jar;C:\Users\Shinelon\.m2\repository\io\springfox\springfox-swagger-common\2.7.0\springfox-swagger-common-2.7.0.jar;C:\Users\Shinelon\.m2\repository\io\springfox\springfox-spring-web\2.7.0\springfox-spring-web-2.7.0.jar;C:\Users\Shinelon\.m2\repository\org\reflections\reflections\0.9.11\reflections-0.9.11.jar;C:\Users\Shinelon\.m2\repository\org\javassist\javassist\3.21.0-GA\javassist-3.21.0-GA.jar;C:\Users\Shinelon\.m2\repository\com\fasterxml\classmate\1.5.1\classmate-1.5.1.jar;C:\Users\Shinelon\.m2\repository\org\springframework\plugin\spring-plugin-core\1.2.0.RELEASE\spring-plugin-core-1.2.0.RELEASE.jar;C:\Users\Shinelon\.m2\repository\org\springframework\spring-context\5.2.6.RELEASE\spring-context-5.2.6.RELEASE.jar;C:\Users\Shinelon\.m2\repository\org\springframework\plugin\spring-plugin-metadata\1.2.0.RELEASE\spring-plugin-metadata-1.2.0.RELEASE.jar;C:\Users\Shinelon\.m2\repository\org\mapstruct\mapstruct\1.1.0.Final\mapstruct-1.1.0.Final.jar;C:\Users\Shinelon\.m2\repository\io\springfox\springfox-swagger-ui\2.7.0\springfox-swagger-ui-2.7.0.jar;C:\Users\Shinelon\.m2\repository\org\elasticsearch\client\elasticsearch-rest-high-level-client\7.8.0\elasticsearch-rest-high-level-client-7.8.0.jar;C:\Users\Shinelon\.m2\repository\org\elasticsearch\client\elasticsearch-rest-client\7.6.2\elasticsearch-rest-client-7.6.2.jar;C:\Users\Shinelon\.m2\repository\org\apache\httpcomponents\httpasyncclient\4.1.4\httpasyncclient-4.1.4.jar;C:\Users\Shinelon\.m2\repository\org\apache\httpcomponents\httpcore-nio\4.4.13\httpcore-nio-4.4.13.jar;C:\Users\Shinelon\.m2\repository\org\elasticsearch\plugin\mapper-extras-client\7.8.0\mapper-extras-client-7.8.0.jar;C:\Users\Shinelon\.m2\repository\org\elasticsearch\plugin\parent-join-client\7.8.0\parent-join-client-7.8.0.jar;C:\Users\Shinelon\.m2\repository\org\elasticsearch\plugin\aggs-matrix-stats-client\7.8.0\aggs-matrix-stats-client-7.8.0.jar;C:\Users\Shinelon\.m2\repository\org\elasticsearch\plugin\rank-eval-client\7.8.0\rank-eval-client-7.8.0.jar;C:\Users\Shinelon\.m2\repository\org\elasticsearch\plugin\lang-mustache-client\7.8.0\lang-mustache-client-7.8.0.jar;C:\Users\Shinelon\.m2\repository\com\github\spullara\mustache\java\compiler\0.9.6\compiler-0.9.6.jar;C:\Users\Shinelon\.m2\repository\org\elasticsearch\elasticsearch\7.8.0\elasticsearch-7.8.0.jar;C:\Users\Shinelon\.m2\repository\org\elasticsearch\elasticsearch-core\7.8.0\elasticsearch-core-7.8.0.jar;C:\Users\Shinelon\.m2\repository\org\elasticsearch\elasticsearch-secure-sm\7.8.0\elasticsearch-secure-sm-7.8.0.jar;C:\Users\Shinelon\.m2\repository\org\elasticsearch\elasticsearch-x-content\7.8.0\elasticsearch-x-content-7.8.0.jar;C:\Users\Shinelon\.m2\repository\com\fasterxml\jackson\core\jackson-core\2.11.0\jackson-core-2.11.0.jar;C:\Users\Shinelon\.m2\repository\com\fasterxml\jackson\dataformat\jackson-dataformat-smile\2.11.0\jackson-dataformat-smile-2.11.0.jar;C:\Users\Shinelon\.m2\repository\com\fasterxml\jackson\dataformat\jackson-dataformat-yaml\2.11.0\jackson-dataformat-yaml-2.11.0.jar;C:\Users\Shinelon\.m2\repository\com\fasterxml\jackson\dataformat\jackson-dataformat-cbor\2.11.0\jackson-dataformat-cbor-2.11.0.jar;C:\Users\Shinelon\.m2\repository\org\elasticsearch\elasticsearch-geo\7.8.0\elasticsearch-geo-7.8.0.jar;C:\Users\Shinelon\.m2\repository\org\apache\lucene\lucene-core\8.5.1\lucene-core-8.5.1.jar;C:\Users\Shinelon\.m2\repository\org\apache\lucene\lucene-analyzers-common\8.5.1\lucene-analyzers-common-8.5.1.jar;C:\Users\Shinelon\.m2\repository\org\apache\lucene\lucene-backward-codecs\8.5.1\lucene-backward-codecs-8.5.1.jar;C:\Users\Shinelon\.m2\repository\org\apache\lucene\lucene-grouping\8.5.1\lucene-grouping-8.5.1.jar;C:\Users\Shinelon\.m2\repository\org\apache\lucene\lucene-highlighter\8.5.1\lucene-highlighter-8.5.1.jar;C:\Users\Shinelon\.m2\repository\org\apache\lucene\lucene-join\8.5.1\lucene-join-8.5.1.jar;C:\Users\Shinelon\.m2\repository\org\apache\lucene\lucene-memory\8.5.1\lucene-memory-8.5.1.jar;C:\Users\Shinelon\.m2\repository\org\apache\lucene\lucene-misc\8.5.1\lucene-misc-8.5.1.jar;C:\Users\Shinelon\.m2\repository\org\apache\lucene\lucene-queries\8.5.1\lucene-queries-8.5.1.jar;C:\Users\Shinelon\.m2\repository\org\apache\lucene\lucene-queryparser\8.5.1\lucene-queryparser-8.5.1.jar;C:\Users\Shinelon\.m2\repository\org\apache\lucene\lucene-sandbox\8.5.1\lucene-sandbox-8.5.1.jar;C:\Users\Shinelon\.m2\repository\org\apache\lucene\lucene-spatial-extras\8.5.1\lucene-spatial-extras-8.5.1.jar;C:\Users\Shinelon\.m2\repository\org\apache\lucene\lucene-spatial3d\8.5.1\lucene-spatial3d-8.5.1.jar;C:\Users\Shinelon\.m2\repository\org\apache\lucene\lucene-suggest\8.5.1\lucene-suggest-8.5.1.jar;C:\Users\Shinelon\.m2\repository\org\elasticsearch\elasticsearch-cli\7.8.0\elasticsearch-cli-7.8.0.jar;C:\Users\Shinelon\.m2\repository\net\sf\jopt-simple\jopt-simple\5.0.2\jopt-simple-5.0.2.jar;C:\Users\Shinelon\.m2\repository\com\carrotsearch\hppc\0.8.1\hppc-0.8.1.jar;C:\Users\Shinelon\.m2\repository\com\tdunning\t-digest\3.2\t-digest-3.2.jar;C:\Users\Shinelon\.m2\repository\org\hdrhistogram\HdrHistogram\2.1.9\HdrHistogram-2.1.9.jar;C:\Users\Shinelon\.m2\repository\org\apache\logging\log4j\log4j-api\2.13.2\log4j-api-2.13.2.jar;C:\Users\Shinelon\.m2\repository\org\elasticsearch\jna\4.5.1\jna-4.5.1.jar;C:\Users\Shinelon\.m2\repository\org\springframework\boot\spring-boot-test\2.3.0.RELEASE\spring-boot-test-2.3.0.RELEASE.jar;C:\Users\Shinelon\.m2\repository\org\springframework\boot\spring-boot\2.3.0.RELEASE\spring-boot-2.3.0.RELEASE.jar;C:\Users\Shinelon\.m2\repository\org\springframework\spring-test\4.3.10.RELEASE\spring-test-4.3.10.RELEASE.jar;C:\Users\Shinelon\.m2\repository\org\springframework\spring-core\5.2.6.RELEASE\spring-core-5.2.6.RELEASE.jar;C:\Users\Shinelon\.m2\repository\org\springframework\spring-jcl\5.2.6.RELEASE\spring-jcl-5.2.6.RELEASE.jar;C:\Users\Shinelon\.m2\repository\junit\junit\4.13\junit-4.13.jar;C:\Users\Shinelon\.m2\repository\org\hamcrest\hamcrest-core\2.2\hamcrest-core-2.2.jar;C:\Users\Shinelon\.m2\repository\org\hamcrest\hamcrest\2.2\hamcrest-2.2.jar;C:\Users\Shinelon\.m2\repository\org\springframework\boot\spring-boot-starter-quartz\2.3.0.RELEASE\spring-boot-starter-quartz-2.3.0.RELEASE.jar;C:\Users\Shinelon\.m2\repository\org\springframework\spring-context-support\5.2.6.RELEASE\spring-context-support-5.2.6.RELEASE.jar;C:\Users\Shinelon\.m2\repository\org\springframework\spring-tx\5.2.6.RELEASE\spring-tx-5.2.6.RELEASE.jar;C:\Users\Shinelon\.m2\repository\org\quartz-scheduler\quartz\2.3.2\quartz-2.3.2.jar;C:\Users\Shinelon\.m2\repository\com\mchange\mchange-commons-java\0.2.15\mchange-commons-java-0.2.15.jar;"/>
    <property name="sun.cpu.endian" value="little"/>
    <property name="user.home" value="C:\Users\Shinelon"/>
    <property name="user.language" value="zh"/>
    <property name="java.specification.vendor" value="Oracle Corporation"/>
    <property name="java.home" value="C:\Program Files\Java\jdk1.8.0_92\jre"/>
    <property name="basedir" value="C:\Users\Shinelon\Desktop\我的测试项目\java-server\web"/>
    <property name="file.separator" value="\"/>
    <property name="line.separator" value="&#10;"/>
    <property name="java.vm.specification.vendor" value="Oracle Corporation"/>
    <property name="java.specification.name" value="Java Platform API Specification"/>
    <property name="java.awt.graphicsenv" value="sun.awt.Win32GraphicsEnvironment"/>
    <property name="surefire.real.class.path" value="C:\Users\Shinelon\AppData\Local\Temp\surefire6519186651694213350\surefirebooter78814276893005535.jar"/>
    <property name="sun.boot.class.path" value="C:\Program Files\Java\jdk1.8.0_92\jre\lib\resources.jar;C:\Program Files\Java\jdk1.8.0_92\jre\lib\rt.jar;C:\Program Files\Java\jdk1.8.0_92\jre\lib\sunrsasign.jar;C:\Program Files\Java\jdk1.8.0_92\jre\lib\jsse.jar;C:\Program Files\Java\jdk1.8.0_92\jre\lib\jce.jar;C:\Program Files\Java\jdk1.8.0_92\jre\lib\charsets.jar;C:\Program Files\Java\jdk1.8.0_92\jre\lib\jfr.jar;C:\Program Files\Java\jdk1.8.0_92\jre\classes"/>
    <property name="user.script" value=""/>
    <property name="sun.management.compiler" value="HotSpot 64-Bit Tiered Compilers"/>
    <property name="java.runtime.version" value="1.8.0_92-b14"/>
    <property name="user.name" value="Shinelon"/>
    <property name="path.separator" value=";"/>
    <property name="os.version" value="10.0"/>
    <property name="java.endorsed.dirs" value="C:\Program Files\Java\jdk1.8.0_92\jre\lib\endorsed"/>
    <property name="java.runtime.name" value="Java(TM) SE Runtime Environment"/>
    <property name="file.encoding" value="GBK"/>
    <property name="java.vm.name" value="Java HotSpot(TM) 64-Bit Server VM"/>
    <property name="localRepository" value="C:\Users\Shinelon\.m2\repository"/>
    <property name="java.vendor.url.bug" value="http://bugreport.sun.com/bugreport/"/>
    <property name="java.io.tmpdir" value="C:\Users\Shinelon\AppData\Local\Temp\"/>
    <property name="idea.version" value="2017.2"/>
    <property name="java.version" value="1.8.0_92"/>
    <property name="user.dir" value="C:\Users\Shinelon\Desktop\我的测试项目\java-server\web"/>
    <property name="os.arch" value="amd64"/>
    <property name="java.vm.specification.name" value="Java Virtual Machine Specification"/>
    <property name="java.awt.printerjob" value="sun.awt.windows.WPrinterJob"/>
    <property name="sun.os.patch.level" value=""/>
    <property name="java.library.path" value="C:\Program Files\Java\jdk1.8.0_92\jre\bin;C:\WINDOWS\Sun\Java\bin;C:\WINDOWS\system32;C:\WINDOWS;C:\Program Files (x86)\Common Files\Intel\Shared Libraries\redist\intel64\compiler;C:\anacoda;C:\anacoda\Library\mingw-w64\bin;C:\anacoda\Library\usr\bin;C:\anacoda\Library\bin;C:\anacoda\Scripts;D:\Abaqus\SIMULIA\Commands;C:\Program Files\Microsoft MPI\Bin\;C:\Program Files (x86)\NetSarang\Xftp 6\;C:\Program Files (x86)\NetSarang\Xshell 6\;C:\ProgramData\Oracle\Java\javapath;C:\Program Files (x86)\Intel\iCLS Client\;C:\Program Files\Intel\iCLS Client\;C:\Windows\system32;C:\Windows;C:\Windows\System32\Wbem;C:\Windows\System32\WindowsPowerShell\v1.0\;C:\Program Files (x86)\NVIDIA Corporation\PhysX\Common;C:\Program Files (x86)\Intel\Intel(R) Management Engine Components\DAL;C:\Program Files\Intel\Intel(R) Management Engine Components\DAL;C:\Program Files (x86)\Intel\Intel(R) Management Engine Components\IPT;C:\Program Files\Intel\Intel(R) Management Engine Components\IPT;C:\Program Files\Intel\WiFi\bin\;C:\Program Files\Common Files\Intel\WirelessCommon\;C:\WINDOWS\system32;C:\WINDOWS;C:\WINDOWS\System32\Wbem;C:\WINDOWS\System32\WindowsPowerShell\v1.0\;C:\Program Files\TortoiseSVN\bin;C:\WINDOWS\System32\OpenSSH\;D:\Git\cmd;C:\Program Files\nodejs\;C:\Program Files\OpenVPN\bin;C:\Program Files\NVIDIA Corporation\NVIDIA NvDLISR;C:\Program Files\MySQL\MySQL Utilities 1.6\;C:\Program Files (x86)\Lua\5.1;C:\Program Files (x86)\Lua\5.1\clibs;C:\Users\Shinelon\AppData\Local\Programs\Python\Python37\Scripts\;C:\Users\Shinelon\AppData\Local\Programs\Python\Python37\;C:\Ruby23-x64\bin;C:\Program Files\Java\jdk1.7.0_17\bin;C:\Users\Shinelon\AppData\Local\Microsoft\WindowsApps;C:\Users\Shinelon\AppData\Roaming\npm;C:\Users\Shinelon\AppData\Local\GitHubDesktop\bin;E:\apache-maven-3.5.4\bin;;D:\Microsoft VS Code\bin;."/>
    <property name="java.vm.info" value="mixed mode"/>
    <property name="java.vendor" value="Oracle Corporation"/>
    <property name="java.vm.version" value="25.92-b14"/>
    <property name="java.ext.dirs" value="C:\Program Files\Java\jdk1.8.0_92\jre\lib\ext;C:\WINDOWS\Sun\Java\lib\ext"/>
    <property name="sun.io.unicode.encoding" value="UnicodeLittle"/>
    <property name="maven.repo.local" value="C:\Users\Shinelon\.m2\repository"/>
    <property name="java.class.version" value="52.0"/>
  </properties>
  <testcase name="addES" classname="com.imageman.test.TestAA" time="0.01">
    <error message="Failed to load ApplicationContext" type="java.lang.IllegalStateException">java.lang.IllegalStateException: Failed to load ApplicationContext
Caused by: org.springframework.beans.factory.UnsatisfiedDependencyException: Error creating bean with name 'productController': Unsatisfied dependency expressed through field 'productService'; nested exception is org.springframework.beans.factory.BeanCreationException: Error creating bean with name 'productServiceImpl': Invocation of init method failed; nested exception is java.lang.IndexOutOfBoundsException: Index: 18, Size: 6
Caused by: org.springframework.beans.factory.BeanCreationException: Error creating bean with name 'productServiceImpl': Invocation of init method failed; nested exception is java.lang.IndexOutOfBoundsException: Index: 18, Size: 6
Caused by: java.lang.IndexOutOfBoundsException: Index: 18, Size: 6
</error>
    <system-out><![CDATA[462  [main] INFO  o.s.b.t.c.SpringBootTestContextBootstrapper - Neither @ContextConfiguration nor @ContextHierarchy found for test class [com.imageman.test.TestAA], using SpringBootContextLoader
471  [main] INFO  o.s.t.c.s.AbstractContextLoader - Could not detect default resource locations for test class [com.imageman.test.TestAA]: no resource found for suffixes {-context.xml, Context.groovy}.
750  [main] INFO  o.s.b.t.c.SpringBootTestContextBootstrapper - Loaded default TestExecutionListener class names from location [META-INF/spring.factories]: [org.springframework.boot.test.mock.mockito.MockitoTestExecutionListener, org.springframework.boot.test.mock.mockito.ResetMocksTestExecutionListener, org.springframework.test.context.web.ServletTestExecutionListener, org.springframework.test.context.support.DirtiesContextBeforeModesTestExecutionListener, org.springframework.test.context.support.DependencyInjectionTestExecutionListener, org.springframework.test.context.support.DirtiesContextTestExecutionListener, org.springframework.test.context.transaction.TransactionalTestExecutionListener, org.springframework.test.context.jdbc.SqlScriptsTestExecutionListener]
775  [main] INFO  o.s.b.t.c.SpringBootTestContextBootstrapper - Using TestExecutionListeners: [org.springframework.test.context.web.ServletTestExecutionListener@333d4a8c, org.springframework.test.context.support.DirtiesContextBeforeModesTestExecutionListener@55de24cc, org.springframework.boot.test.mock.mockito.MockitoTestExecutionListener@dc7df28, org.springframework.test.context.support.DependencyInjectionTestExecutionListener@30f842ca, org.springframework.test.context.support.DirtiesContextTestExecutionListener@69c81773, org.springframework.test.context.transaction.TransactionalTestExecutionListener@4d14b6c2, org.springframework.test.context.jdbc.SqlScriptsTestExecutionListener@7e990ed7, org.springframework.boot.test.mock.mockito.ResetMocksTestExecutionListener@c05fddc]

  .   ____          _            __ _ _
 /\\ / ___'_ __ _ _(_)_ __  __ _ \ \ \ \
( ( )\___ | '_ | '_| | '_ \/ _` | \ \ \ \
 \\/  ___)| |_)| | | | | || (_| |  ) ) ) )
  '  |____| .__|_| |_|_| |_\__, | / / / /
 =========|_|==============|___/=/_/_/_/
 :: Spring Boot ::        (v2.3.0.RELEASE)

1398 [main] INFO  com.imageman.test.TestAA - Starting TestAA on KatoUyi with PID 3876 (started by Shinelon in C:\Users\Shinelon\Desktop\我的测试项目\java-server\web)
1399 [main] INFO  com.imageman.test.TestAA - No active profile set, falling back to default profiles: default
3100 [main] INFO  o.s.d.r.c.RepositoryConfigurationDelegate - Multiple Spring Data modules found, entering strict repository configuration mode!
3103 [main] INFO  o.s.d.r.c.RepositoryConfigurationDelegate - Bootstrapping Spring Data Redis repositories in DEFAULT mode.
3132 [main] INFO  o.s.d.r.c.RepositoryConfigurationDelegate - Finished Spring Data repository scanning in 10ms. Found 0 Redis repository interfaces.
4240 [main] INFO  o.s.c.s.PostProcessorRegistrationDelegate$BeanPostProcessorChecker - Bean 'spring.datasource.dynamic-com.baomidou.dynamic.datasource.spring.boot.autoconfigure.DynamicDataSourceProperties' of type [com.baomidou.dynamic.datasource.spring.boot.autoconfigure.DynamicDataSourceProperties] is not eligible for getting processed by all BeanPostProcessors (for example: not eligible for auto-proxying)
4242 [main] INFO  o.s.c.s.PostProcessorRegistrationDelegate$BeanPostProcessorChecker - Bean 'com.baomidou.dynamic.datasource.spring.boot.autoconfigure.DynamicDataSourceAutoConfiguration' of type [com.baomidou.dynamic.datasource.spring.boot.autoconfigure.DynamicDataSourceAutoConfiguration$$EnhancerBySpringCGLIB$$9a927da6] is not eligible for getting processed by all BeanPostProcessors (for example: not eligible for auto-proxying)
4259 [main] INFO  o.s.c.s.PostProcessorRegistrationDelegate$BeanPostProcessorChecker - Bean 'dsProcessor' of type [com.baomidou.dynamic.datasource.processor.DsHeaderProcessor] is not eligible for getting processed by all BeanPostProcessors (for example: not eligible for auto-proxying)
4272 [main] INFO  o.s.c.s.PostProcessorRegistrationDelegate$BeanPostProcessorChecker - Bean 'dynamicDatasourceAnnotationAdvisor' of type [com.baomidou.dynamic.datasource.aop.DynamicDataSourceAnnotationAdvisor] is not eligible for getting processed by all BeanPostProcessors (for example: not eligible for auto-proxying)
Logging initialized using 'class org.apache.ibatis.logging.stdout.StdOutImpl' adapter.
4566 [main] INFO  c.z.hikari.HikariDataSource - master - Starting...
4809 [main] INFO  c.z.hikari.HikariDataSource - master - Start completed.
4809 [main] INFO  c.b.d.d.DynamicRoutingDataSource - 初始共加载 1 个数据源
4809 [main] INFO  c.b.d.d.DynamicRoutingDataSource - 动态数据源-加载 master 成功
4809 [main] INFO  c.b.d.d.DynamicRoutingDataSource - 当前的默认数据源是单数据源，数据源名为 master
Registered plugin: 'AbstractSqlParserHandler(sqlParserList=null, sqlParserFilter=null)'
Parsed mapper file: 'URL [jar:file:/C:/Users/Shinelon/Desktop/%E6%88%91%E7%9A%84%E6%B5%8B%E8%AF%95%E9%A1%B9%E7%9B%AE/java-server/mapper/target/mapper-1.0.0-SNAPSHOT.jar!/mapper/CategoryMapper.xml]'
Parsed mapper file: 'URL [jar:file:/C:/Users/Shinelon/Desktop/%E6%88%91%E7%9A%84%E6%B5%8B%E8%AF%95%E9%A1%B9%E7%9B%AE/java-server/mapper/target/mapper-1.0.0-SNAPSHOT.jar!/mapper/EmployeeMapper.xml]'
Parsed mapper file: 'URL [jar:file:/C:/Users/Shinelon/Desktop/%E6%88%91%E7%9A%84%E6%B5%8B%E8%AF%95%E9%A1%B9%E7%9B%AE/java-server/mapper/target/mapper-1.0.0-SNAPSHOT.jar!/mapper/ProductImgMapper.xml]'
Parsed mapper file: 'URL [jar:file:/C:/Users/Shinelon/Desktop/%E6%88%91%E7%9A%84%E6%B5%8B%E8%AF%95%E9%A1%B9%E7%9B%AE/java-server/mapper/target/mapper-1.0.0-SNAPSHOT.jar!/mapper/ProductMapper.xml]'
 _ _   |_  _ _|_. ___ _ |    _ 
| | |\/|_)(_| | |_\  |_)||_|_\ 
     /               |         
                        3.2.0 
7700 [main] INFO  c.b.d.d.DynamicRoutingDataSource - closing dynamicDatasource  ing....
7701 [main] INFO  c.z.hikari.HikariDataSource - master - Shutdown initiated...
7915 [main] INFO  c.z.hikari.HikariDataSource - master - Shutdown completed.
]]></system-out>
  </testcase>
</testsuite>